CRITICAL - 2022-02-16 15:10:03 --> Your zlib.output_compression ini directive is turned on. This will not work well with output buffers.
#0 /home/customer/www/regalamilaluna.it/public_html/app/Config/Events.php(28): CodeIgniter\Exceptions\FrameworkException::forEnabledZlibOutputCompression()
#1 /home/customer/www/regalamilaluna.it/public_html/system/Events/Events.php(149): CodeIgniter\Events\Events::Config\{closure}()
#2 /home/customer/www/regalamilaluna.it/public_html/system/CodeIgniter.php(302): CodeIgniter\Events\Events::trigger('pre_system')
#3 /home/customer/www/regalamilaluna.it/public_html/public/index.php(37): CodeIgniter\CodeIgniter->run()
#4 {main}
CRITICAL - 2022-02-16 15:10:10 --> Your zlib.output_compression ini directive is turned on. This will not work well with output buffers.
#0 /home/customer/www/regalamilaluna.it/public_html/app/Config/Events.php(28): CodeIgniter\Exceptions\FrameworkException::forEnabledZlibOutputCompression()
#1 /home/customer/www/regalamilaluna.it/public_html/system/Events/Events.php(149): CodeIgniter\Events\Events::Config\{closure}()
#2 /home/customer/www/regalamilaluna.it/public_html/system/CodeIgniter.php(302): CodeIgniter\Events\Events::trigger('pre_system')
#3 /home/customer/www/regalamilaluna.it/public_html/public/index.php(37): CodeIgniter\CodeIgniter->run()
#4 {main}
CRITICAL - 2022-02-16 15:10:10 --> Your zlib.output_compression ini directive is turned on. This will not work well with output buffers.
#0 /home/customer/www/regalamilaluna.it/public_html/app/Config/Events.php(28): CodeIgniter\Exceptions\FrameworkException::forEnabledZlibOutputCompression()
#1 /home/customer/www/regalamilaluna.it/public_html/system/Events/Events.php(149): CodeIgniter\Events\Events::Config\{closure}()
#2 /home/customer/www/regalamilaluna.it/public_html/system/CodeIgniter.php(302): CodeIgniter\Events\Events::trigger('pre_system')
#3 /home/customer/www/regalamilaluna.it/public_html/public/index.php(37): CodeIgniter\CodeIgniter->run()
#4 {main}
CRITICAL - 2022-02-16 15:10:15 --> Your zlib.output_compression ini directive is turned on. This will not work well with output buffers.
#0 /home/customer/www/regalamilaluna.it/public_html/app/Config/Events.php(28): CodeIgniter\Exceptions\FrameworkException::forEnabledZlibOutputCompression()
#1 /home/customer/www/regalamilaluna.it/public_html/system/Events/Events.php(149): CodeIgniter\Events\Events::Config\{closure}()
#2 /home/customer/www/regalamilaluna.it/public_html/system/CodeIgniter.php(302): CodeIgniter\Events\Events::trigger('pre_system')
#3 /home/customer/www/regalamilaluna.it/public_html/public/index.php(37): CodeIgniter\CodeIgniter->run()
#4 {main}
